INFO 2025-11-08 17:24:30,062 access access_log 21665 139971333187264 GET /chat/general/ 200 57.34ms User: pempi
INFO 2025-11-08 17:25:23,473 access access_log 21665 139971105126080 POST /account/logout/ 302 25.72ms User: Anon
INFO 2025-11-08 17:25:23,530 access access_log 21665 139971105126080 GET /account/login/ 200 10.24ms User: Anon
INFO 2025-11-08 17:42:46,075 access GET / 404 23.55ms User: PempiCas
INFO 2025-11-08 17:42:46,347 access GET /favicon.ico 404 40.47ms User: PempiCas
INFO 2025-11-08 17:42:54,973 access GET /chat/general/ 200 28.08ms User: PempiCas
INFO 2025-11-08 17:43:06,665 access POST /account/login/ 302 907.13ms User: pempi
INFO 2025-11-08 17:43:06,727 access GET /chat/general/ 200 15.57ms User: pempi
INFO 2025-11-08 17:45:13,253 access GET /chat/general/ 200 54.48ms User: pempi
INFO 2025-11-08 17:45:31,521 access GET /chat/general/ 200 13.71ms User: PempiCas
INFO 2025-11-08 20:19:10,081 access GET /api/login/ 405 5.54ms User: Anon
INFO 2025-11-08 20:19:17,421 access POST /api/login/ 500 112.09ms User: Anon
INFO 2025-11-08 20:20:56,666 access GET /api/ 404 17.76ms User: pempi
INFO 2025-11-08 20:21:03,492 access GET /api/login/ 405 142.3ms User: pempi
INFO 2025-11-08 20:21:12,571 access POST /api/login/ 500 104.99ms User: pempi
INFO 2025-11-08 20:21:52,429 access POST /api/login/ 401 10.08ms User: Anon
INFO 2025-11-08 20:21:58,234 access GET /api/login/ 405 124.83ms User: pempi
INFO 2025-11-08 20:22:01,785 access POST /api/login/ 401 22.85ms User: pempi
INFO 2025-11-08 20:22:37,060 access POST /api/login/ 401 751.78ms User: pempi
INFO 2025-11-08 20:24:33,364 access POST /api/login/ 500 114.87ms User: Anon
INFO 2025-11-08 20:27:54,379 access POST /api/login/ 401 6.81ms User: Anon
INFO 2025-11-08 20:28:00,430 access POST /api/login/ 401 5.96ms User: Anon
INFO 2025-11-08 20:34:02,104 access POST /api/login/ 401 6.7ms User: Anon
INFO 2025-11-08 20:34:56,801 access POST /api/login/ 200 789.8ms User: Anon
INFO 2025-11-08 20:35:48,588 access POST /api/logout/ 403 5.27ms User: Anon
INFO 2025-11-08 20:37:17,995 access POST /api/logout/ 403 4.0ms User: Anon
INFO 2025-11-08 20:37:49,296 access POST /api/logout/ 403 5.14ms User: Anon
INFO 2025-11-08 20:37:59,951 access POST /api/logout/ 403 9.69ms User: Anon
INFO 2025-11-08 20:38:04,519 access POST /api/logout/ 403 8.7ms User: Anon
INFO 2025-11-08 20:39:00,357 access POST /api/logout/ 403 25.06ms User: Anon
INFO 2025-11-08 20:39:45,638 access GET /api/logout 404 42.36ms User: pempi
INFO 2025-11-08 20:39:45,887 access GET /api/logout/ 405 212.17ms User: pempi
INFO 2025-11-08 20:39:51,492 access OPTIONS /api/logout/ 200 32.94ms User: pempi
INFO 2025-11-08 20:39:54,581 access OPTIONS /api/logout/ 200 21.9ms User: pempi
INFO 2025-11-08 20:41:54,151 access GET /chat/general/ 200 53.77ms User: pempi
INFO 2025-11-08 20:41:57,022 access POST /api/logout/ 200 90.73ms User: pempi
INFO 2025-11-08 20:42:46,169 access GET / 404 20.13ms User: pempi
INFO 2025-11-08 20:43:05,705 access GET /api/login/ 405 30.23ms User: pempi
INFO 2025-11-08 20:43:09,177 access GET /api/ 404 25.27ms User: pempi
INFO 2025-11-08 20:43:21,111 access GET /account/ 404 22.49ms User: pempi
INFO 2025-11-08 20:44:41,453 access GET /chat/general/ 200 73.71ms User: pempi
INFO 2025-11-08 20:45:01,134 access POST /account/logout/ 302 27.78ms User: Anon
INFO 2025-11-08 20:45:01,178 access GET /account/login/ 200 13.23ms User: Anon
INFO 2025-11-08 20:48:15,882 access GET /account/login/ 200 13.09ms User: Anon
INFO 2025-11-08 20:49:27,462 access GET /account/login/ 200 14.33ms User: Anon
INFO 2025-11-08 20:50:41,389 access GET /account/login/ 200 9.45ms User: Anon
INFO 2025-11-08 20:54:24,455 access GET /account/login/ 200 10.73ms User: Anon
INFO 2025-11-08 20:54:30,200 access GET /account/login/ 200 20.58ms User: Anon
INFO 2025-11-08 20:54:31,126 access GET /favicon.ico 404 31.41ms User: Anon
INFO 2025-11-08 20:55:19,058 access POST /account/login/ 302 1097.49ms User: pempi
INFO 2025-11-08 20:55:19,119 access GET /chat/general/ 200 24.47ms User: pempi
INFO 2025-11-08 20:58:05,853 access POST /account/logout/ 302 16.65ms User: Anon
INFO 2025-11-08 20:58:05,898 access GET /account/login/ 200 3.85ms User: Anon
INFO 2025-11-08 20:59:04,596 access POST /account/login/ 302 1051.3ms User: pempi
INFO 2025-11-08 20:59:04,661 access GET /chat/general/ 200 14.46ms User: pempi
INFO 2025-11-08 21:57:22,431 access GET /chat/general/ 200 58.43ms User: pempi
INFO 2025-11-08 21:57:26,616 access GET /.well-known/appspecific/com.chrome.devtools.json 404 8.8ms User: pempi
INFO 2025-11-08 22:00:53,240 access GET /chat/general/ 200 19.3ms User: pempi
INFO 2025-11-08 22:00:53,411 access GET /.well-known/appspecific/com.chrome.devtools.json 404 12.49ms User: pempi
INFO 2025-11-08 22:01:32,915 access GET /chat/general/ 200 15.1ms User: pempi
INFO 2025-11-08 22:01:33,042 access GET /.well-known/appspecific/com.chrome.devtools.json 404 17.72ms User: pempi
INFO 2025-11-08 22:01:54,687 access GET /chat/general/ 200 18.38ms User: pempi
INFO 2025-11-08 22:01:55,000 access GET /.well-known/appspecific/com.chrome.devtools.json 404 35.66ms User: pempi
INFO 2025-11-08 22:01:56,080 access GET /favicon.ico 404 22.86ms User: pempi
INFO 2025-11-08 22:02:09,080 access GET /chat/general/ 200 14.3ms User: pempi
INFO 2025-11-08 22:02:09,315 access GET /.well-known/appspecific/com.chrome.devtools.json 404 20.24ms User: pempi
INFO 2025-11-08 22:02:10,106 access GET /favicon.ico 404 24.52ms User: pempi
INFO 2025-11-08 22:03:54,623 access GET /chat/general/ 200 24.59ms User: pempi
INFO 2025-11-08 22:03:54,836 access GET /.well-known/appspecific/com.chrome.devtools.json 404 17.45ms User: pempi
INFO 2025-11-08 22:03:55,934 access GET /favicon.ico 404 9.06ms User: pempi
INFO 2025-11-08 22:04:22,876 access GET /.well-known/appspecific/com.chrome.devtools.json 404 18.88ms User: pempi
INFO 2025-11-08 22:06:41,762 access GET /chat/general/ 200 34.98ms User: pempi
INFO 2025-11-08 22:06:43,029 access GET /favicon.ico 404 17.63ms User: pempi
INFO 2025-11-08 22:07:47,132 access POST /account/logout/ 302 20.71ms User: Anon
INFO 2025-11-08 22:07:47,182 access GET /account/login/ 200 9.6ms User: Anon
INFO 2025-11-08 22:07:52,955 access GET /account/register/ 200 6.94ms User: Anon
INFO 2025-11-08 22:07:59,794 access GET /account/login/ 200 4.2ms User: Anon
